Arguments: 
  /usr/local/bin/node /Users/lucky/.yarn/bin/yarn.js add svgo rimraf

PATH: 
  /opt/homebrew/opt/php@8.0/sbin:/opt/homebrew/opt/php@8.0/bin:/Users/lucky/.yarn/bin:/Users/lucky/.config/yarn/global/node_modules/.bin:/opt/homebrew/opt/php@7.2/sbin:/opt/homebrew/opt/php@7.2/bin:/opt/homebrew/opt/php@7.2/sbin:/opt/homebrew/opt/php@7.2/bin:/opt/homebrew/bin:/opt/homebrew/sbin:/Library/Frameworks/Python.framework/Versions/3.9/bin:/usr/local/bin:/usr/bin:/bin:/usr/sbin:/sbin:/Library/Apple/usr/bin:/Users/lucky/.ebcli-virtual-env/executables:/Users/lucky/.fig/bin:/Users/lucky/.composer/vendor/bin

Yarn version: 
  1.22.19

Node version: 
  14.16.0

Platform: 
  darwin x64

Trace: 
  SyntaxError: /Users/lucky/Code/Cadana/IconsSax/package.json: Unexpected end of JSON input
      at JSON.parse (<anonymous>)
      at /Users/lucky/.yarn/lib/cli.js:1629:59
      at Generator.next (<anonymous>)
      at step (/Users/lucky/.yarn/lib/cli.js:310:30)
      at /Users/lucky/.yarn/lib/cli.js:321:13

npm manifest: 
  

yarn manifest: 
  No manifest

Lockfile: 
  No lockfile
